<?xml version="1.0" encoding="UTF-8"?>
<testng-results ignored="0" total="1" passed="1" failed="0" skipped="0">
  <reporter-output>
  </reporter-output>
  <suite started-at="2024-04-12T09:03:04 PST" name="Default suite" finished-at="2024-04-12T09:03:26 PST" duration-ms="21717">
    <groups>
    </groups>
    <test started-at="2024-04-12T09:03:04 PST" name="Default test" finished-at="2024-04-12T09:03:26 PST" duration-ms="21717">
      <class name="SeleniumJavaPages.InputFormSubmitPage">
        <test-method is-config="true" signature="gotoWebsites()[pri:0, instance:SeleniumJavaPages.InputFormSubmitPage@6356695f]" started-at="2024-04-12T09:03:04 PST" name="gotoWebsites" finished-at="2024-04-12T09:03:10 PST" duration-ms="5052" status="PASS">
          <reporter-output>
          </reporter-output>
        </test-method> <!-- gotoWebsites -->
        <test-method signature="inputInfos()[pri:0, instance:SeleniumJavaPages.InputFormSubmitPage@6356695f]" started-at="2024-04-12T09:03:10 PST" name="inputInfos" finished-at="2024-04-12T09:03:26 PST" duration-ms="16386" status="PASS">
          <reporter-output>
          </reporter-output>
        </test-method> <!-- inputInfos -->
        <test-method is-config="true" signature="closeDriver()[pri:0, instance:SeleniumJavaPages.InputFormSubmitPage@6356695f]" started-at="2024-04-12T09:03:26 PST" name="closeDriver" finished-at="2024-04-12T09:03:26 PST" duration-ms="248" status="PASS">
          <reporter-output>
          </reporter-output>
        </test-method> <!-- closeDriver -->
      </class> <!-- SeleniumJavaPages.InputFormSubmitPage -->
    </test> <!-- Default test -->
  </suite> <!-- Default suite -->
</testng-results>
